# JRE version: Java(TM) SE Runtime Environment (14.0+36) (build 14+36-1461)
# Java VM: Java HotSpot(TM) 64-Bit Server VM (14+36-1461, mixed mode, sharing, tiered, compressed oops, g1 gc, windows-amd64)
Heap:
 garbage-first heap   total 40960K, used 18382K [0x0000000701c00000, 0x0000000800000000)
  region size 1024K, 3 young (3072K), 1 survivors (1024K)
 Metaspace       used 28802K, capacity 30112K, committed 30256K, reserved 1075200K
  class space    used 3699K, capacity 4166K, committed 4224K, reserved 1048576K
GC Heap History (20 events):
Event: 214.513 GC heap after
{Heap after GC invocations=13 (full 2):
 garbage-first heap   total 40960K, used 13747K [0x0000000701c00000, 0x0000000800000000)
  region size 1024K, 0 young (0K), 0 survivors (0K)
 Metaspace       used 28496K, capacity 29747K, committed 30000K, reserved 1075200K
  class space    used 3668K, capacity 4121K, committed 4224K, reserved 1048576K
}
Event: 214.686 GC heap before
{Heap before GC invocations=13 (full 2):
 garbage-first heap   total 40960K, used 30131K [0x0000000701c00000, 0x0000000800000000)
  region size 1024K, 17 young (17408K), 0 survivors (0K)
 Metaspace       used 28526K, capacity 29846K, committed 30000K, reserved 1075200K
  class space    used 3674K, capacity 4129K, committed 4224K, reserved 1048576K
}
Event: 214.687 GC heap after
{Heap after GC invocations=14 (full 2):
 garbage-first heap   total 40960K, used 14771K [0x0000000701c00000, 0x0000000800000000)
  region size 1024K, 1 young (1024K), 1 survivors (1024K)
 Metaspace       used 28526K, capacity 29846K, committed 30000K, reserved 1075200K
  class space    used 3674K, capacity 4129K, committed 4224K, reserved 1048576K
}
Event: 228.408 GC heap before
{Heap before GC invocations=14 (full 2):
 garbage-first heap   total 40960K, used 29107K [0x0000000701c00000, 0x0000000800000000)
  region size 1024K, 17 young (17408K), 1 survivors (1024K)
 Metaspace       used 28618K, capacity 29938K, committed 30256K, reserved 1075200K
  class space    used 3679K, capacity 4138K, committed 4224K, reserved 1048576K
}
Event: 228.427 GC heap after
{Heap after GC invocations=15 (full 3):
 garbage-first heap   total 40960K, used 14856K [0x0000000701c00000, 0x0000000800000000)
  region size 1024K, 0 young (0K), 0 survivors (0K)
 Metaspace       used 28618K, capacity 29938K, committed 30256K, reserved 1075200K
  class space    used 3679K, capacity 4138K, committed 4224K, reserved 1048576K
}
Event: 228.598 GC heap before
{Heap before GC invocations=15 (full 3):
 garbage-first heap   total 40960K, used 31240K [0x0000000701c00000, 0x0000000800000000)
  region size 1024K, 17 young (17408K), 0 survivors (0K)
 Metaspace       used 28650K, capacity 30040K, committed 30256K, reserved 1075200K
  class space    used 3686K, capacity 4148K, committed 4224K, reserved 1048576K
}
Event: 228.599 GC heap after
{Heap after GC invocations=16 (full 3):
 garbage-first heap   total 40960K, used 15818K [0x0000000701c00000, 0x0000000800000000)
  region size 1024K, 1 young (1024K), 1 survivors (1024K)
 Metaspace       used 28650K, capacity 30040K, committed 30256K, reserved 1075200K
  class space    used 3686K, capacity 4148K, committed 4224K, reserved 1048576K
}
Event: 285.321 GC heap before
{Heap before GC invocations=16 (full 3):
 garbage-first heap   total 40960K, used 31178K [0x0000000701c00000, 0x0000000800000000)
  region size 1024K, 17 young (17408K), 1 survivors (1024K)
 Metaspace       used 28706K, capacity 30106K, committed 30256K, reserved 1075200K
  class space    used 3696K, capacity 4164K, committed 4224K, reserved 1048576K
}
Event: 285.323 GC heap after
{Heap after GC invocations=17 (full 3):
 garbage-first heap   total 40960K, used 16775K [0x0000000701c00000, 0x0000000800000000)
  region size 1024K, 2 young (2048K), 2 survivors (2048K)
 Metaspace       used 28706K, capacity 30106K, committed 30256K, reserved 1075200K
  class space    used 3696K, capacity 4164K, committed 4224K, reserved 1048576K
}
Event: 815.067 GC heap before
{Heap before GC invocations=17 (full 3):
 garbage-first heap   total 40960K, used 32135K [0x0000000701c00000, 0x0000000800000000)
  region size 1024K, 17 young (17408K), 2 survivors (2048K)
 Metaspace       used 28706K, capacity 30106K, committed 30256K, reserved 1075200K
  class space    used 3696K, capacity 4164K, committed 4224K, reserved 1048576K
}
Event: 815.071 GC heap after
{Heap after GC invocations=18 (full 3):
 garbage-first heap   total 40960K, used 16887K [0x0000000701c00000, 0x0000000800000000)
  region size 1024K, 2 young (2048K), 2 survivors (2048K)
 Metaspace       used 28706K, capacity 30106K, committed 30256K, reserved 1075200K
  class space    used 3696K, capacity 4164K, committed 4224K, reserved 1048576K
}
Event: 1313.787 GC heap before
{Heap before GC invocations=18 (full 3):
 garbage-first heap   total 40960K, used 31223K [0x0000000701c00000, 0x0000000800000000)
  region size 1024K, 16 young (16384K), 2 survivors (2048K)
 Metaspace       used 28706K, capacity 30106K, committed 30256K, reserved 1075200K
  class space    used 3696K, capacity 4164K, committed 4224K, reserved 1048576K
}
Event: 1313.790 GC heap after
{Heap after GC invocations=19 (full 3):
 garbage-first heap   total 40960K, used 16882K [0x0000000701c00000, 0x0000000800000000)
  region size 1024K, 1 young (1024K), 1 survivors (1024K)
 Metaspace       used 28706K, capacity 30106K, committed 30256K, reserved 1075200K
  class space    used 3696K, capacity 4164K, committed 4224K, reserved 1048576K
}
Event: 1847.794 GC heap before
{Heap before GC invocations=19 (full 3):
 garbage-first heap   total 40960K, used 32242K [0x0000000701c00000, 0x0000000800000000)
  region size 1024K, 16 young (16384K), 1 survivors (1024K)
 Metaspace       used 28706K, capacity 30106K, committed 30256K, reserved 1075200K
  class space    used 3696K, capacity 4164K, committed 4224K, reserved 1048576K
}
Event: 1847.795 GC heap after
{Heap after GC invocations=20 (full 3):
 garbage-first heap   total 40960K, used 16802K [0x0000000701c00000, 0x0000000800000000)
  region size 1024K, 1 young (1024K), 1 survivors (1024K)
 Metaspace       used 28706K, capacity 30106K, committed 30256K, reserved 1075200K
  class space    used 3696K, capacity 4164K, committed 4224K, reserved 1048576K
}
Event: 2382.905 GC heap before
{Heap before GC invocations=20 (full 3):
 garbage-first heap   total 40960K, used 32162K [0x0000000701c00000, 0x0000000800000000)
  region size 1024K, 16 young (16384K), 1 survivors (1024K)
 Metaspace       used 28706K, capacity 30106K, committed 30256K, reserved 1075200K
  class space    used 3696K, capacity 4164K, committed 4224K, reserved 1048576K
}
Event: 2382.907 GC heap after
{Heap after GC invocations=21 (full 3):
 garbage-first heap   total 40960K, used 16764K [0x0000000701c00000, 0x0000000800000000)
  region size 1024K, 1 young (1024K), 1 survivors (1024K)
 Metaspace       used 28706K, capacity 30106K, committed 30256K, reserved 1075200K
  class space    used 3696K, capacity 4164K, committed 4224K, reserved 1048576K
}
Event: 2910.420 GC heap before
{Heap before GC invocations=21 (full 3):
 garbage-first heap   total 40960K, used 32124K [0x0000000701c00000, 0x0000000800000000)
  region size 1024K, 16 young (16384K), 1 survivors (1024K)
 Metaspace       used 28706K, capacity 30106K, committed 30256K, reserved 1075200K
  class space    used 3696K, capacity 4164K, committed 4224K, reserved 1048576K
}
Event: 2910.421 GC heap after
{Heap after GC invocations=22 (full 3):
 garbage-first heap   total 40960K, used 16764K [0x0000000701c00000, 0x0000000800000000)
  region size 1024K, 1 young (1024K), 1 survivors (1024K)
 Metaspace       used 28706K, capacity 30106K, committed 30256K, reserved 1075200K
  class space    used 3696K, capacity 4164K, committed 4224K, reserved 1048576K
}
Event: 2911.838 GC heap before
{Heap before GC invocations=22 (full 3):
 garbage-first heap   total 40960K, used 17788K [0x0000000701c00000, 0x0000000800000000)
  region size 1024K, 3 young (3072K), 1 survivors (1024K)
 Metaspace       used 28802K, capacity 30112K, committed 30256K, reserved 1075200K
  class space    used 3699K, capacity 4166K, committed 4224K, reserved 1048576K
}

