# JRE version: Java(TM) SE Runtime Environment (8.0_211-b12) (build 1.8.0_211-b12)
# Java VM: Java HotSpot(TM) 64-Bit Server VM (25.211-b12 mixed mode windows-amd64 compressed oops)
Heap:
 PSYoungGen      total 203264K, used 171304K [0x000000076b400000, 0x000000077a380000, 0x00000007c0000000)
  eden space 189440K, 90% used [0x000000076b400000,0x0000000775b4a050,0x0000000776d00000)
  from space 13824K, 0% used [0x0000000777a00000,0x0000000777a00000,0x0000000778780000)
  to   space 13312K, 0% used [0x0000000776d00000,0x0000000776d00000,0x0000000777a00000)
 ParOldGen       total 129024K, used 12543K [0x00000006c1c00000, 0x00000006c9a00000, 0x000000076b400000)
  object space 129024K, 9% used [0x00000006c1c00000,0x00000006c283ff80,0x00000006c9a00000)
 Metaspace       used 52217K, capacity 54480K, committed 54784K, reserved 1095680K
  class space    used 7176K, capacity 7615K, committed 7680K, reserved 1048576K
GC Heap History (10 events):
Event: 1.401 GC heap before
{Heap before GC invocations=4 (full 1):
 PSYoungGen      total 76288K, used 5867K [0x000000076b400000, 0x0000000774900000, 0x00000007c0000000)
  eden space 65536K, 0% used [0x000000076b400000,0x000000076b400000,0x000000076f400000)
  from space 10752K, 54% used [0x000000076f400000,0x000000076f9bac60,0x000000076fe80000)
  to   space 10752K, 0% used [0x0000000773e80000,0x0000000773e80000,0x0000000774900000)
 ParOldGen       total 175104K, used 32K [0x00000006c1c00000, 0x00000006cc700000, 0x000000076b400000)
  object space 175104K, 0% used [0x00000006c1c00000,0x00000006c1c08000,0x00000006cc700000)
 Metaspace       used 20481K, capacity 21198K, committed 21296K, reserved 1067008K
  class space    used 2740K, capacity 2920K, committed 2944K, reserved 1048576K
Event: 1.423 GC heap after
Heap after GC invocations=4 (full 1):
 PSYoungGen      total 76288K, used 0K [0x000000076b400000, 0x0000000774900000, 0x00000007c0000000)
  eden space 65536K, 0% used [0x000000076b400000,0x000000076b400000,0x000000076f400000)
  from space 10752K, 0% used [0x000000076f400000,0x000000076f400000,0x000000076fe80000)
  to   space 10752K, 0% used [0x0000000773e80000,0x0000000773e80000,0x0000000774900000)
 ParOldGen       total 87552K, used 5719K [0x00000006c1c00000, 0x00000006c7180000, 0x000000076b400000)
  object space 87552K, 6% used [0x00000006c1c00000,0x00000006c2195d60,0x00000006c7180000)
 Metaspace       used 20480K, capacity 21192K, committed 21296K, reserved 1067008K
  class space    used 2739K, capacity 2919K, committed 2944K, reserved 1048576K
}
Event: 1.937 GC heap before
{Heap before GC invocations=5 (full 1):
 PSYoungGen      total 76288K, used 65536K [0x000000076b400000, 0x0000000774900000, 0x00000007c0000000)
  eden space 65536K, 100% used [0x000000076b400000,0x000000076f400000,0x000000076f400000)
  from space 10752K, 0% used [0x000000076f400000,0x000000076f400000,0x000000076fe80000)
  to   space 10752K, 0% used [0x0000000773e80000,0x0000000773e80000,0x0000000774900000)
 ParOldGen       total 87552K, used 5719K [0x00000006c1c00000, 0x00000006c7180000, 0x000000076b400000)
  object space 87552K, 6% used [0x00000006c1c00000,0x00000006c2195d60,0x00000006c7180000)
 Metaspace       used 24249K, capacity 25306K, committed 25600K, reserved 1071104K
  class space    used 3304K, capacity 3540K, committed 3584K, reserved 1048576K
Event: 1.941 GC heap after
Heap after GC invocations=5 (full 1):
 PSYoungGen      total 120320K, used 7254K [0x000000076b400000, 0x0000000774600000, 0x00000007c0000000)
  eden space 112640K, 0% used [0x000000076b400000,0x000000076b400000,0x0000000772200000)
  from space 7680K, 94% used [0x0000000773e80000,0x0000000774595990,0x0000000774600000)
  to   space 10752K, 0% used [0x0000000773100000,0x0000000773100000,0x0000000773b80000)
 ParOldGen       total 87552K, used 5727K [0x00000006c1c00000, 0x00000006c7180000, 0x000000076b400000)
  object space 87552K, 6% used [0x00000006c1c00000,0x00000006c2197d60,0x00000006c7180000)
 Metaspace       used 24249K, capacity 25306K, committed 25600K, reserved 1071104K
  class space    used 3304K, capacity 3540K, committed 3584K, reserved 1048576K
}
Event: 3.106 GC heap before
{Heap before GC invocations=6 (full 1):
 PSYoungGen      total 120320K, used 119894K [0x000000076b400000, 0x0000000774600000, 0x00000007c0000000)
  eden space 112640K, 100% used [0x000000076b400000,0x0000000772200000,0x0000000772200000)
  from space 7680K, 94% used [0x0000000773e80000,0x0000000774595990,0x0000000774600000)
  to   space 10752K, 0% used [0x0000000773100000,0x0000000773100000,0x0000000773b80000)
 ParOldGen       total 87552K, used 5727K [0x00000006c1c00000, 0x00000006c7180000, 0x000000076b400000)
  object space 87552K, 6% used [0x00000006c1c00000,0x00000006c2197d60,0x00000006c7180000)
 Metaspace       used 32561K, capacity 34130K, committed 34432K, reserved 1079296K
  class space    used 4595K, capacity 4910K, committed 4992K, reserved 1048576K
Event: 3.121 GC heap after
Heap after GC invocations=6 (full 1):
 PSYoungGen      total 138752K, used 10730K [0x000000076b400000, 0x0000000778780000, 0x00000007c0000000)
  eden space 128000K, 0% used [0x000000076b400000,0x000000076b400000,0x0000000773100000)
  from space 10752K, 99% used [0x0000000773100000,0x0000000773b7aac0,0x0000000773b80000)
  to   space 13824K, 0% used [0x0000000777a00000,0x0000000777a00000,0x0000000778780000)
 ParOldGen       total 87552K, used 7804K [0x00000006c1c00000, 0x00000006c7180000, 0x000000076b400000)
  object space 87552K, 8% used [0x00000006c1c00000,0x00000006c239f240,0x00000006c7180000)
 Metaspace       used 32561K, capacity 34130K, committed 34432K, reserved 1079296K
  class space    used 4595K, capacity 4910K, committed 4992K, reserved 1048576K
}
Event: 3.300 GC heap before
{Heap before GC invocations=7 (full 1):
 PSYoungGen      total 138752K, used 17759K [0x000000076b400000, 0x0000000778780000, 0x00000007c0000000)
  eden space 128000K, 5% used [0x000000076b400000,0x000000076badd168,0x0000000773100000)
  from space 10752K, 99% used [0x0000000773100000,0x0000000773b7aac0,0x0000000773b80000)
  to   space 13824K, 0% used [0x0000000777a00000,0x0000000777a00000,0x0000000778780000)
 ParOldGen       total 87552K, used 7804K [0x00000006c1c00000, 0x00000006c7180000, 0x000000076b400000)
  object space 87552K, 8% used [0x00000006c1c00000,0x00000006c239f240,0x00000006c7180000)
 Metaspace       used 33796K, capacity 35416K, committed 35496K, reserved 1079296K
  class space    used 4720K, capacity 5053K, committed 5120K, reserved 1048576K
Event: 3.309 GC heap after
Heap after GC invocations=7 (full 1):
 PSYoungGen      total 203264K, used 7474K [0x000000076b400000, 0x000000077a380000, 0x00000007c0000000)
  eden space 189440K, 0% used [0x000000076b400000,0x000000076b400000,0x0000000776d00000)
  from space 13824K, 54% used [0x0000000777a00000,0x000000077814cb78,0x0000000778780000)
  to   space 13312K, 0% used [0x0000000776d00000,0x0000000776d00000,0x0000000777a00000)
 ParOldGen       total 87552K, used 7812K [0x00000006c1c00000, 0x00000006c7180000, 0x000000076b400000)
  object space 87552K, 8% used [0x00000006c1c00000,0x00000006c23a1240,0x00000006c7180000)
 Metaspace       used 33796K, capacity 35416K, committed 35496K, reserved 1079296K
  class space    used 4720K, capacity 5053K, committed 5120K, reserved 1048576K
}
Event: 3.310 GC heap before
{Heap before GC invocations=8 (full 2):
 PSYoungGen      total 203264K, used 7474K [0x000000076b400000, 0x000000077a380000, 0x00000007c0000000)
  eden space 189440K, 0% used [0x000000076b400000,0x000000076b400000,0x0000000776d00000)
  from space 13824K, 54% used [0x0000000777a00000,0x000000077814cb78,0x0000000778780000)
  to   space 13312K, 0% used [0x0000000776d00000,0x0000000776d00000,0x0000000777a00000)
 ParOldGen       total 87552K, used 7812K [0x00000006c1c00000, 0x00000006c7180000, 0x000000076b400000)
  object space 87552K, 8% used [0x00000006c1c00000,0x00000006c23a1240,0x00000006c7180000)
 Metaspace       used 33796K, capacity 35416K, committed 35496K, reserved 1079296K
  class space    used 4720K, capacity 5053K, committed 5120K, reserved 1048576K
Event: 3.378 GC heap after
Heap after GC invocations=8 (full 2):
 PSYoungGen      total 203264K, used 0K [0x000000076b400000, 0x000000077a380000, 0x00000007c0000000)
  eden space 189440K, 0% used [0x000000076b400000,0x000000076b400000,0x0000000776d00000)
  from space 13824K, 0% used [0x0000000777a00000,0x0000000777a00000,0x0000000778780000)
  to   space 13312K, 0% used [0x0000000776d00000,0x0000000776d00000,0x0000000777a00000)
 ParOldGen       total 129024K, used 12543K [0x00000006c1c00000, 0x00000006c9a00000, 0x000000076b400000)
  object space 129024K, 9% used [0x00000006c1c00000,0x00000006c283ff80,0x00000006c9a00000)
 Metaspace       used 33796K, capacity 35416K, committed 35496K, reserved 1079296K
  class space    used 4720K, capacity 5053K, committed 5120K, reserved 1048576K
}

